2022.01.15 00:21:56 INFO  ce[][o.s.c.t.CeWorkerImpl] Execute task | project=ejemplo-maven | type=REPORT | id=AX5bHLj4VJLYrZMREXVn | submitter=admin
2022.01.15 00:21:56 INFO  ce[AX5bHLj4VJLYrZMREXVn][o.s.c.t.s.ComputationStepExecutor] Extract report | status=SUCCESS | time=16ms
2022.01.15 00:21:56 INFO  ce[AX5bHLj4VJLYrZMREXVn][o.s.c.t.s.ComputationStepExecutor] Persist scanner context | status=SUCCESS | time=9ms
2022.01.15 00:21:56 INFO  ce[AX5bHLj4VJLYrZMREXVn][o.s.c.t.s.ComputationStepExecutor] Propagate analysis warnings from scanner report | status=SUCCESS | time=5ms
2022.01.15 00:21:56 INFO  ce[AX5bHLj4VJLYrZMREXVn][o.s.c.t.s.ComputationStepExecutor] Generate analysis UUID | status=SUCCESS | time=0ms
2022.01.15 00:21:56 INFO  ce[AX5bHLj4VJLYrZMREXVn][o.s.c.t.s.ComputationStepExecutor] Load analysis metadata | status=SUCCESS | time=2ms
2022.01.15 00:21:56 INFO  ce[AX5bHLj4VJLYrZMREXVn][o.s.c.t.s.ComputationStepExecutor] Initialize | status=SUCCESS | time=0ms
2022.01.15 00:21:56 INFO  ce[AX5bHLj4VJLYrZMREXVn][o.s.c.t.s.ComputationStepExecutor] Build tree of components | components=12 | status=SUCCESS | time=8ms
2022.01.15 00:21:56 INFO  ce[AX5bHLj4VJLYrZMREXVn][o.s.c.t.s.ComputationStepExecutor] Validate project | status=SUCCESS | time=3ms
2022.01.15 00:21:57 INFO  ce[AX5bHLj4VJLYrZMREXVn][o.s.c.t.s.ComputationStepExecutor] Load quality profiles | status=SUCCESS | time=1073ms
2022.01.15 00:21:57 INFO  ce[AX5bHLj4VJLYrZMREXVn][o.s.c.t.s.ComputationStepExecutor] Load Quality gate | status=SUCCESS | time=7ms
2022.01.15 00:21:57 INFO  ce[AX5bHLj4VJLYrZMREXVn][o.s.c.t.s.ComputationStepExecutor] Load new code period | status=SUCCESS | time=4ms
2022.01.15 00:21:57 INFO  ce[AX5bHLj4VJLYrZMREXVn][o.s.c.t.s.ComputationStepExecutor] Detect file moves | reportFiles=6 | dbFiles=6 | addedFiles=0 | status=SUCCESS | time=2ms
2022.01.15 00:21:57 INFO  ce[AX5bHLj4VJLYrZMREXVn][o.s.c.t.s.ComputationStepExecutor] Load duplications | duplications=0 | status=SUCCESS | time=1ms
2022.01.15 00:21:57 INFO  ce[AX5bHLj4VJLYrZMREXVn][o.s.c.t.s.ComputationStepExecutor] Compute cross project duplications | status=SUCCESS | time=0ms
2022.01.15 00:21:57 INFO  ce[AX5bHLj4VJLYrZMREXVn][o.s.c.t.s.ComputationStepExecutor] Compute size measures | status=SUCCESS | time=1ms
2022.01.15 00:21:58 INFO  ce[AX5bHLj4VJLYrZMREXVn][o.s.c.t.s.ComputationStepExecutor] Compute new coverage | status=SUCCESS | time=49ms
2022.01.15 00:21:58 INFO  ce[AX5bHLj4VJLYrZMREXVn][o.s.c.t.s.ComputationStepExecutor] Compute coverage measures | status=SUCCESS | time=1ms
2022.01.15 00:21:58 INFO  ce[AX5bHLj4VJLYrZMREXVn][o.s.c.t.s.ComputationStepExecutor] Compute comment measures | status=SUCCESS | time=0ms
2022.01.15 00:21:58 INFO  ce[AX5bHLj4VJLYrZMREXVn][o.s.c.t.s.ComputationStepExecutor] Compute duplication measures | status=SUCCESS | time=1ms
2022.01.15 00:21:58 INFO  ce[AX5bHLj4VJLYrZMREXVn][o.s.c.t.s.ComputationStepExecutor] Compute size measures on new code | status=SUCCESS | time=0ms
2022.01.15 00:21:58 INFO  ce[AX5bHLj4VJLYrZMREXVn][o.s.c.t.s.ComputationStepExecutor] Compute language distribution | status=SUCCESS | time=1ms
2022.01.15 00:21:58 INFO  ce[AX5bHLj4VJLYrZMREXVn][o.s.c.t.s.ComputationStepExecutor] Compute test measures | status=SUCCESS | time=0ms
2022.01.15 00:21:58 INFO  ce[AX5bHLj4VJLYrZMREXVn][o.s.c.t.s.ComputationStepExecutor] Compute complexity measures | status=SUCCESS | time=1ms
2022.01.15 00:21:58 INFO  ce[AX5bHLj4VJLYrZMREXVn][o.s.c.t.s.ComputationStepExecutor] Load measure computers | status=SUCCESS | time=0ms
2022.01.15 00:21:58 INFO  ce[AX5bHLj4VJLYrZMREXVn][o.s.c.t.s.ComputationStepExecutor] Compute Quality Profile status | status=SUCCESS | time=3ms
2022.01.15 00:21:58 INFO  ce[AX5bHLj4VJLYrZMREXVn][o.s.c.t.s.ComputationStepExecutor] Execute component visitors | status=SUCCESS | time=39ms
2022.01.15 00:21:58 INFO  ce[AX5bHLj4VJLYrZMREXVn][o.s.c.t.s.ComputationStepExecutor] Checks executed after computation of measures | status=SUCCESS | time=0ms
2022.01.15 00:21:58 INFO  ce[AX5bHLj4VJLYrZMREXVn][o.s.c.t.s.ComputationStepExecutor] Compute Quality Gate measures | status=SUCCESS | time=2ms
2022.01.15 00:21:58 INFO  ce[AX5bHLj4VJLYrZMREXVn][o.s.c.t.s.ComputationStepExecutor] Compute Quality profile measures | status=SUCCESS | time=1ms
2022.01.15 00:21:58 INFO  ce[AX5bHLj4VJLYrZMREXVn][o.s.c.t.s.ComputationStepExecutor] Generate Quality profile events | status=SUCCESS | time=3ms
2022.01.15 00:21:58 INFO  ce[AX5bHLj4VJLYrZMREXVn][o.s.c.t.s.ComputationStepExecutor] Generate Quality gate events | status=SUCCESS | time=1ms
2022.01.15 00:21:58 INFO  ce[AX5bHLj4VJLYrZMREXVn][o.s.c.t.s.ComputationStepExecutor] Check upgrade possibility for not analyzed code files. | status=SUCCESS | time=0ms
2022.01.15 00:21:58 INFO  ce[AX5bHLj4VJLYrZMREXVn][o.s.c.t.s.ComputationStepExecutor] Persist components | status=SUCCESS | time=8ms
2022.01.15 00:21:58 INFO  ce[AX5bHLj4VJLYrZMREXVn][o.s.c.t.s.ComputationStepExecutor] Persist analysis | status=SUCCESS | time=4ms
2022.01.15 00:21:58 INFO  ce[AX5bHLj4VJLYrZMREXVn][o.s.c.t.s.ComputationStepExecutor] Persist analysis properties | status=SUCCESS | time=3ms
2022.01.15 00:21:58 INFO  ce[AX5bHLj4VJLYrZMREXVn][o.s.c.t.s.ComputationStepExecutor] Persist measures | inserts=57 | status=SUCCESS | time=11ms
2022.01.15 00:21:58 INFO  ce[AX5bHLj4VJLYrZMREXVn][o.s.c.t.s.ComputationStepExecutor] Persist live measures | insertsOrUpdates=625 | status=SUCCESS | time=162ms
2022.01.15 00:21:58 INFO  ce[AX5bHLj4VJLYrZMREXVn][o.s.c.t.s.ComputationStepExecutor] Persist duplication data | insertsOrUpdates=0 | status=SUCCESS | time=0ms
2022.01.15 00:21:58 INFO  ce[AX5bHLj4VJLYrZMREXVn][o.s.c.t.s.ComputationStepExecutor] Persist new ad hoc Rules | status=SUCCESS | time=0ms
2022.01.15 00:21:58 INFO  ce[AX5bHLj4VJLYrZMREXVn][o.s.c.t.s.ComputationStepExecutor] Persist issues | cacheSize=0 bytes | inserts=0 | updates=0 | merged=0 | status=SUCCESS | time=0ms
2022.01.15 00:21:58 INFO  ce[AX5bHLj4VJLYrZMREXVn][o.s.c.t.s.ComputationStepExecutor] Persist project links | status=SUCCESS | time=5ms
2022.01.15 00:21:58 INFO  ce[AX5bHLj4VJLYrZMREXVn][o.s.c.t.s.ComputationStepExecutor] Persist events | status=SUCCESS | time=3ms
2022.01.15 00:21:58 INFO  ce[AX5bHLj4VJLYrZMREXVn][o.s.c.t.s.ComputationStepExecutor] Persist sources | status=SUCCESS | time=59ms
2022.01.15 00:21:58 INFO  ce[AX5bHLj4VJLYrZMREXVn][o.s.c.t.s.ComputationStepExecutor] Persist cross project duplications | status=SUCCESS | time=0ms
2022.01.15 00:21:58 INFO  ce[AX5bHLj4VJLYrZMREXVn][o.s.c.t.s.ComputationStepExecutor] Enable analysis | status=SUCCESS | time=3ms
2022.01.15 00:21:58 INFO  ce[AX5bHLj4VJLYrZMREXVn][o.s.c.t.s.ComputationStepExecutor] Update last usage date of quality profiles | status=SUCCESS | time=5ms
2022.01.15 00:21:58 INFO  ce[AX5bHLj4VJLYrZMREXVn][o.s.c.t.s.ComputationStepExecutor] Purge db | status=SUCCESS | time=66ms
2022.01.15 00:21:59 INFO  ce[AX5bHLj4VJLYrZMREXVn][o.s.c.t.s.ComputationStepExecutor] Index analysis | status=SUCCESS | time=1168ms
2022.01.15 00:21:59 INFO  ce[AX5bHLj4VJLYrZMREXVn][o.s.c.t.s.ComputationStepExecutor] Update need issue sync for branch | status=SUCCESS | time=2ms
2022.01.15 00:21:59 INFO  ce[AX5bHLj4VJLYrZMREXVn][o.s.c.t.s.ComputationStepExecutor] Send issue notifications | newIssuesNotifs=0 | newIssuesDeliveries=0 | myNewIssuesNotifs=0 | myNewIssuesDeliveries=0 | changesNotifs=0 | changesDeliveries=0 | status=SUCCESS | time=2ms
2022.01.15 00:21:59 INFO  ce[AX5bHLj4VJLYrZMREXVn][o.s.c.t.s.ComputationStepExecutor] Publish task results | status=SUCCESS | time=0ms
2022.01.15 00:21:59 INFO  ce[AX5bHLj4VJLYrZMREXVn][o.s.c.t.s.ComputationStepExecutor] Trigger refresh of Portfolios and Applications | status=SUCCESS | time=0ms
2022.01.15 00:21:59 INFO  ce[AX5bHLj4VJLYrZMREXVn][o.s.c.t.p.a.p.PostProjectAnalysisTasksExecutor] Webhooks | globalWebhooks=0 | projectWebhooks=0 | status=SUCCESS | time=2ms
2022.01.15 00:21:59 INFO  ce[AX5bHLj4VJLYrZMREXVn][o.s.c.t.CeWorkerImpl] Executed task | project=ejemplo-maven | type=REPORT | id=AX5bHLj4VJLYrZMREXVn | submitter=admin | status=SUCCESS | time=2868ms
2022.01.15 00:42:44 INFO  ce[][o.s.c.t.CeWorkerImpl] Execute task | project=ejemplo-maven | type=REPORT | id=AX5bL8SfVJLYrZMREXVo | submitter=admin
2022.01.15 00:42:45 INFO  ce[AX5bL8SfVJLYrZMREXVo][o.s.c.t.s.ComputationStepExecutor] Extract report | status=SUCCESS | time=98ms
2022.01.15 00:42:45 INFO  ce[AX5bL8SfVJLYrZMREXVo][o.s.c.t.s.ComputationStepExecutor] Persist scanner context | status=SUCCESS | time=11ms
2022.01.15 00:42:45 INFO  ce[AX5bL8SfVJLYrZMREXVo][o.s.c.t.s.ComputationStepExecutor] Propagate analysis warnings from scanner report | status=SUCCESS | time=4ms
2022.01.15 00:42:45 INFO  ce[AX5bL8SfVJLYrZMREXVo][o.s.c.t.s.ComputationStepExecutor] Generate analysis UUID | status=SUCCESS | time=0ms
2022.01.15 00:42:45 INFO  ce[AX5bL8SfVJLYrZMREXVo][o.s.c.t.s.ComputationStepExecutor] Load analysis metadata | status=SUCCESS | time=2ms
2022.01.15 00:42:45 INFO  ce[AX5bL8SfVJLYrZMREXVo][o.s.c.t.s.ComputationStepExecutor] Initialize | status=SUCCESS | time=0ms
2022.01.15 00:42:45 INFO  ce[AX5bL8SfVJLYrZMREXVo][o.s.c.t.s.ComputationStepExecutor] Build tree of components | components=12 | status=SUCCESS | time=4ms
2022.01.15 00:42:45 INFO  ce[AX5bL8SfVJLYrZMREXVo][o.s.c.t.s.ComputationStepExecutor] Validate project | status=SUCCESS | time=3ms
2022.01.15 00:42:46 INFO  ce[AX5bL8SfVJLYrZMREXVo][o.s.c.t.s.ComputationStepExecutor] Load quality profiles | status=SUCCESS | time=1122ms
2022.01.15 00:42:46 INFO  ce[AX5bL8SfVJLYrZMREXVo][o.s.c.t.s.ComputationStepExecutor] Load Quality gate | status=SUCCESS | time=4ms
2022.01.15 00:42:46 INFO  ce[AX5bL8SfVJLYrZMREXVo][o.s.c.t.s.ComputationStepExecutor] Load new code period | status=SUCCESS | time=4ms
2022.01.15 00:42:46 INFO  ce[AX5bL8SfVJLYrZMREXVo][o.s.c.t.s.ComputationStepExecutor] Detect file moves | reportFiles=6 | dbFiles=6 | addedFiles=0 | status=SUCCESS | time=2ms
2022.01.15 00:42:46 INFO  ce[AX5bL8SfVJLYrZMREXVo][o.s.c.t.s.ComputationStepExecutor] Load duplications | duplications=0 | status=SUCCESS | time=1ms
2022.01.15 00:42:46 INFO  ce[AX5bL8SfVJLYrZMREXVo][o.s.c.t.s.ComputationStepExecutor] Compute cross project duplications | status=SUCCESS | time=0ms
2022.01.15 00:42:46 INFO  ce[AX5bL8SfVJLYrZMREXVo][o.s.c.t.s.ComputationStepExecutor] Compute size measures | status=SUCCESS | time=1ms
2022.01.15 00:42:46 INFO  ce[AX5bL8SfVJLYrZMREXVo][o.s.c.t.s.ComputationStepExecutor] Compute new coverage | status=SUCCESS | time=30ms
2022.01.15 00:42:46 INFO  ce[AX5bL8SfVJLYrZMREXVo][o.s.c.t.s.ComputationStepExecutor] Compute coverage measures | status=SUCCESS | time=2ms
2022.01.15 00:42:46 INFO  ce[AX5bL8SfVJLYrZMREXVo][o.s.c.t.s.ComputationStepExecutor] Compute comment measures | status=SUCCESS | time=1ms
2022.01.15 00:42:46 INFO  ce[AX5bL8SfVJLYrZMREXVo][o.s.c.t.s.ComputationStepExecutor] Compute duplication measures | status=SUCCESS | time=0ms
2022.01.15 00:42:46 INFO  ce[AX5bL8SfVJLYrZMREXVo][o.s.c.t.s.ComputationStepExecutor] Compute size measures on new code | status=SUCCESS | time=1ms
2022.01.15 00:42:46 INFO  ce[AX5bL8SfVJLYrZMREXVo][o.s.c.t.s.ComputationStepExecutor] Compute language distribution | status=SUCCESS | time=1ms
2022.01.15 00:42:46 INFO  ce[AX5bL8SfVJLYrZMREXVo][o.s.c.t.s.ComputationStepExecutor] Compute test measures | status=SUCCESS | time=0ms
2022.01.15 00:42:46 INFO  ce[AX5bL8SfVJLYrZMREXVo][o.s.c.t.s.ComputationStepExecutor] Compute complexity measures | status=SUCCESS | time=0ms
2022.01.15 00:42:46 INFO  ce[AX5bL8SfVJLYrZMREXVo][o.s.c.t.s.ComputationStepExecutor] Load measure computers | status=SUCCESS | time=0ms
2022.01.15 00:42:46 INFO  ce[AX5bL8SfVJLYrZMREXVo][o.s.c.t.s.ComputationStepExecutor] Compute Quality Profile status | status=SUCCESS | time=8ms
2022.01.15 00:42:46 INFO  ce[AX5bL8SfVJLYrZMREXVo][o.s.c.t.s.ComputationStepExecutor] Execute component visitors | status=SUCCESS | time=33ms
2022.01.15 00:42:46 INFO  ce[AX5bL8SfVJLYrZMREXVo][o.s.c.t.s.ComputationStepExecutor] Checks executed after computation of measures | status=SUCCESS | time=0ms
2022.01.15 00:42:46 INFO  ce[AX5bL8SfVJLYrZMREXVo][o.s.c.t.s.ComputationStepExecutor] Compute Quality Gate measures | status=SUCCESS | time=1ms
2022.01.15 00:42:46 INFO  ce[AX5bL8SfVJLYrZMREXVo][o.s.c.t.s.ComputationStepExecutor] Compute Quality profile measures | status=SUCCESS | time=1ms
2022.01.15 00:42:46 INFO  ce[AX5bL8SfVJLYrZMREXVo][o.s.c.t.s.ComputationStepExecutor] Generate Quality profile events | status=SUCCESS | time=2ms
2022.01.15 00:42:46 INFO  ce[AX5bL8SfVJLYrZMREXVo][o.s.c.t.s.ComputationStepExecutor] Generate Quality gate events | status=SUCCESS | time=2ms
2022.01.15 00:42:46 INFO  ce[AX5bL8SfVJLYrZMREXVo][o.s.c.t.s.ComputationStepExecutor] Check upgrade possibility for not analyzed code files. | status=SUCCESS | time=0ms
2022.01.15 00:42:46 INFO  ce[AX5bL8SfVJLYrZMREXVo][o.s.c.t.s.ComputationStepExecutor] Persist components | status=SUCCESS | time=6ms
2022.01.15 00:42:46 INFO  ce[AX5bL8SfVJLYrZMREXVo][o.s.c.t.s.ComputationStepExecutor] Persist analysis | status=SUCCESS | time=1ms
2022.01.15 00:42:46 INFO  ce[AX5bL8SfVJLYrZMREXVo][o.s.c.t.s.ComputationStepExecutor] Persist analysis properties | status=SUCCESS | time=3ms
2022.01.15 00:42:46 INFO  ce[AX5bL8SfVJLYrZMREXVo][o.s.c.t.s.ComputationStepExecutor] Persist measures | inserts=57 | status=SUCCESS | time=14ms
2022.01.15 00:42:46 INFO  ce[AX5bL8SfVJLYrZMREXVo][o.s.c.t.s.ComputationStepExecutor] Persist live measures | insertsOrUpdates=605 | status=SUCCESS | time=146ms
2022.01.15 00:42:46 INFO  ce[AX5bL8SfVJLYrZMREXVo][o.s.c.t.s.ComputationStepExecutor] Persist duplication data | insertsOrUpdates=0 | status=SUCCESS | time=0ms
2022.01.15 00:42:46 INFO  ce[AX5bL8SfVJLYrZMREXVo][o.s.c.t.s.ComputationStepExecutor] Persist new ad hoc Rules | status=SUCCESS | time=0ms
2022.01.15 00:42:46 INFO  ce[AX5bL8SfVJLYrZMREXVo][o.s.c.t.s.ComputationStepExecutor] Persist issues | cacheSize=753 bytes | inserts=0 | updates=1 | merged=0 | status=SUCCESS | time=4ms
2022.01.15 00:42:46 INFO  ce[AX5bL8SfVJLYrZMREXVo][o.s.c.t.s.ComputationStepExecutor] Persist project links | status=SUCCESS | time=3ms
2022.01.15 00:42:46 INFO  ce[AX5bL8SfVJLYrZMREXVo][o.s.c.t.s.ComputationStepExecutor] Persist events | status=SUCCESS | time=3ms
2022.01.15 00:42:46 INFO  ce[AX5bL8SfVJLYrZMREXVo][o.s.c.t.s.ComputationStepExecutor] Persist sources | status=SUCCESS | time=82ms
2022.01.15 00:42:46 INFO  ce[AX5bL8SfVJLYrZMREXVo][o.s.c.t.s.ComputationStepExecutor] Persist cross project duplications | status=SUCCESS | time=0ms
2022.01.15 00:42:46 INFO  ce[AX5bL8SfVJLYrZMREXVo][o.s.c.t.s.ComputationStepExecutor] Enable analysis | status=SUCCESS | time=1ms
2022.01.15 00:42:46 INFO  ce[AX5bL8SfVJLYrZMREXVo][o.s.c.t.s.ComputationStepExecutor] Update last usage date of quality profiles | status=SUCCESS | time=3ms
2022.01.15 00:42:46 INFO  ce[AX5bL8SfVJLYrZMREXVo][o.s.c.t.s.ComputationStepExecutor] Purge db | status=SUCCESS | time=27ms
2022.01.15 00:42:48 INFO  ce[AX5bL8SfVJLYrZMREXVo][o.s.c.t.s.ComputationStepExecutor] Index analysis | status=SUCCESS | time=1668ms
2022.01.15 00:42:48 INFO  ce[AX5bL8SfVJLYrZMREXVo][o.s.c.t.s.ComputationStepExecutor] Update need issue sync for branch | status=SUCCESS | time=2ms
2022.01.15 00:42:48 INFO  ce[AX5bL8SfVJLYrZMREXVo][o.s.c.t.s.ComputationStepExecutor] Send issue notifications | newIssuesNotifs=0 | newIssuesDeliveries=0 | myNewIssuesNotifs=0 | myNewIssuesDeliveries=0 | changesNotifs=0 | changesDeliveries=0 | status=SUCCESS | time=2ms
2022.01.15 00:42:48 INFO  ce[AX5bL8SfVJLYrZMREXVo][o.s.c.t.s.ComputationStepExecutor] Publish task results | status=SUCCESS | time=0ms
2022.01.15 00:42:48 INFO  ce[AX5bL8SfVJLYrZMREXVo][o.s.c.t.s.ComputationStepExecutor] Trigger refresh of Portfolios and Applications | status=SUCCESS | time=0ms
2022.01.15 00:42:48 INFO  ce[AX5bL8SfVJLYrZMREXVo][o.s.c.t.p.a.p.PostProjectAnalysisTasksExecutor] Webhooks | globalWebhooks=0 | projectWebhooks=0 | status=SUCCESS | time=2ms
2022.01.15 00:42:48 INFO  ce[AX5bL8SfVJLYrZMREXVo][o.s.c.t.CeWorkerImpl] Executed task | project=ejemplo-maven | type=REPORT | id=AX5bL8SfVJLYrZMREXVo | submitter=admin | status=SUCCESS | time=3411ms
2022.01.15 01:49:35 INFO  ce[][o.s.c.t.CeWorkerImpl] Execute task | project=ejemplo-maven | type=REPORT | id=AX5bbPayVJLYrZMREXVp | submitter=admin
2022.01.15 01:49:35 INFO  ce[AX5bbPayVJLYrZMREXVp][o.s.c.t.s.ComputationStepExecutor] Extract report | status=SUCCESS | time=7ms
2022.01.15 01:49:35 INFO  ce[AX5bbPayVJLYrZMREXVp][o.s.c.t.s.ComputationStepExecutor] Persist scanner context | status=SUCCESS | time=17ms
2022.01.15 01:49:35 INFO  ce[AX5bbPayVJLYrZMREXVp][o.s.c.t.s.ComputationStepExecutor] Propagate analysis warnings from scanner report | status=SUCCESS | time=24ms
2022.01.15 01:49:35 INFO  ce[AX5bbPayVJLYrZMREXVp][o.s.c.t.s.ComputationStepExecutor] Generate analysis UUID | status=SUCCESS | time=0ms
2022.01.15 01:49:35 INFO  ce[AX5bbPayVJLYrZMREXVp][o.s.c.t.s.ComputationStepExecutor] Load analysis metadata | status=SUCCESS | time=2ms
2022.01.15 01:49:35 INFO  ce[AX5bbPayVJLYrZMREXVp][o.s.c.t.s.ComputationStepExecutor] Initialize | status=SUCCESS | time=0ms
2022.01.15 01:49:35 INFO  ce[AX5bbPayVJLYrZMREXVp][o.s.c.t.s.ComputationStepExecutor] Build tree of components | components=12 | status=SUCCESS | time=6ms
2022.01.15 01:49:35 INFO  ce[AX5bbPayVJLYrZMREXVp][o.s.c.t.s.ComputationStepExecutor] Validate project | status=SUCCESS | time=2ms
2022.01.15 01:49:35 INFO  ce[AX5bbPayVJLYrZMREXVp][o.s.c.t.s.ComputationStepExecutor] Load quality profiles | status=SUCCESS | time=823ms
2022.01.15 01:49:35 INFO  ce[AX5bbPayVJLYrZMREXVp][o.s.c.t.s.ComputationStepExecutor] Load Quality gate | status=SUCCESS | time=4ms
2022.01.15 01:49:35 INFO  ce[AX5bbPayVJLYrZMREXVp][o.s.c.t.s.ComputationStepExecutor] Load new code period | status=SUCCESS | time=5ms
2022.01.15 01:49:35 INFO  ce[AX5bbPayVJLYrZMREXVp][o.s.c.t.s.ComputationStepExecutor] Detect file moves | reportFiles=6 | dbFiles=6 | addedFiles=0 | status=SUCCESS | time=2ms
2022.01.15 01:49:35 INFO  ce[AX5bbPayVJLYrZMREXVp][o.s.c.t.s.ComputationStepExecutor] Load duplications | duplications=0 | status=SUCCESS | time=0ms
2022.01.15 01:49:35 INFO  ce[AX5bbPayVJLYrZMREXVp][o.s.c.t.s.ComputationStepExecutor] Compute cross project duplications | status=SUCCESS | time=0ms
2022.01.15 01:49:35 INFO  ce[AX5bbPayVJLYrZMREXVp][o.s.c.t.s.ComputationStepExecutor] Compute size measures | status=SUCCESS | time=1ms
2022.01.15 01:49:35 INFO  ce[AX5bbPayVJLYrZMREXVp][o.s.c.t.s.ComputationStepExecutor] Compute new coverage | status=SUCCESS | time=29ms
2022.01.15 01:49:35 INFO  ce[AX5bbPayVJLYrZMREXVp][o.s.c.t.s.ComputationStepExecutor] Compute coverage measures | status=SUCCESS | time=1ms
2022.01.15 01:49:35 INFO  ce[AX5bbPayVJLYrZMREXVp][o.s.c.t.s.ComputationStepExecutor] Compute comment measures | status=SUCCESS | time=1ms
2022.01.15 01:49:35 INFO  ce[AX5bbPayVJLYrZMREXVp][o.s.c.t.s.ComputationStepExecutor] Compute duplication measures | status=SUCCESS | time=0ms
2022.01.15 01:49:35 INFO  ce[AX5bbPayVJLYrZMREXVp][o.s.c.t.s.ComputationStepExecutor] Compute size measures on new code | status=SUCCESS | time=0ms
2022.01.15 01:49:35 INFO  ce[AX5bbPayVJLYrZMREXVp][o.s.c.t.s.ComputationStepExecutor] Compute language distribution | status=SUCCESS | time=1ms
2022.01.15 01:49:35 INFO  ce[AX5bbPayVJLYrZMREXVp][o.s.c.t.s.ComputationStepExecutor] Compute test measures | status=SUCCESS | time=1ms
2022.01.15 01:49:35 INFO  ce[AX5bbPayVJLYrZMREXVp][o.s.c.t.s.ComputationStepExecutor] Compute complexity measures | status=SUCCESS | time=0ms
2022.01.15 01:49:35 INFO  ce[AX5bbPayVJLYrZMREXVp][o.s.c.t.s.ComputationStepExecutor] Load measure computers | status=SUCCESS | time=0ms
2022.01.15 01:49:35 INFO  ce[AX5bbPayVJLYrZMREXVp][o.s.c.t.s.ComputationStepExecutor] Compute Quality Profile status | status=SUCCESS | time=2ms
2022.01.15 01:49:36 INFO  ce[AX5bbPayVJLYrZMREXVp][o.s.c.t.s.ComputationStepExecutor] Execute component visitors | status=SUCCESS | time=21ms
2022.01.15 01:49:36 INFO  ce[AX5bbPayVJLYrZMREXVp][o.s.c.t.s.ComputationStepExecutor] Checks executed after computation of measures | status=SUCCESS | time=0ms
2022.01.15 01:49:36 INFO  ce[AX5bbPayVJLYrZMREXVp][o.s.c.t.s.ComputationStepExecutor] Compute Quality Gate measures | status=SUCCESS | time=2ms
2022.01.15 01:49:36 INFO  ce[AX5bbPayVJLYrZMREXVp][o.s.c.t.s.ComputationStepExecutor] Compute Quality profile measures | status=SUCCESS | time=0ms
2022.01.15 01:49:36 INFO  ce[AX5bbPayVJLYrZMREXVp][o.s.c.t.s.ComputationStepExecutor] Generate Quality profile events | status=SUCCESS | time=2ms
2022.01.15 01:49:36 INFO  ce[AX5bbPayVJLYrZMREXVp][o.s.c.t.s.ComputationStepExecutor] Generate Quality gate events | status=SUCCESS | time=2ms
2022.01.15 01:49:36 INFO  ce[AX5bbPayVJLYrZMREXVp][o.s.c.t.s.ComputationStepExecutor] Check upgrade possibility for not analyzed code files. | status=SUCCESS | time=0ms
2022.01.15 01:49:36 INFO  ce[AX5bbPayVJLYrZMREXVp][o.s.c.t.s.ComputationStepExecutor] Persist components | status=SUCCESS | time=5ms
2022.01.15 01:49:36 INFO  ce[AX5bbPayVJLYrZMREXVp][o.s.c.t.s.ComputationStepExecutor] Persist analysis | status=SUCCESS | time=1ms
2022.01.15 01:49:36 INFO  ce[AX5bbPayVJLYrZMREXVp][o.s.c.t.s.ComputationStepExecutor] Persist analysis properties | status=SUCCESS | time=2ms
2022.01.15 01:49:36 INFO  ce[AX5bbPayVJLYrZMREXVp][o.s.c.t.s.ComputationStepExecutor] Persist measures | inserts=57 | status=SUCCESS | time=11ms
2022.01.15 01:49:36 INFO  ce[AX5bbPayVJLYrZMREXVp][o.s.c.t.s.ComputationStepExecutor] Persist live measures | insertsOrUpdates=614 | status=SUCCESS | time=153ms
2022.01.15 01:49:36 INFO  ce[AX5bbPayVJLYrZMREXVp][o.s.c.t.s.ComputationStepExecutor] Persist duplication data | insertsOrUpdates=0 | status=SUCCESS | time=0ms
2022.01.15 01:49:36 INFO  ce[AX5bbPayVJLYrZMREXVp][o.s.c.t.s.ComputationStepExecutor] Persist new ad hoc Rules | status=SUCCESS | time=0ms
2022.01.15 01:49:36 INFO  ce[AX5bbPayVJLYrZMREXVp][o.s.c.t.s.ComputationStepExecutor] Persist issues | cacheSize=1.7 kB | inserts=0 | updates=2 | merged=0 | status=SUCCESS | time=7ms
2022.01.15 01:49:36 INFO  ce[AX5bbPayVJLYrZMREXVp][o.s.c.t.s.ComputationStepExecutor] Persist project links | status=SUCCESS | time=2ms
2022.01.15 01:49:36 INFO  ce[AX5bbPayVJLYrZMREXVp][o.s.c.t.s.ComputationStepExecutor] Persist events | status=SUCCESS | time=2ms
2022.01.15 01:49:36 INFO  ce[AX5bbPayVJLYrZMREXVp][o.s.c.t.s.ComputationStepExecutor] Persist sources | status=SUCCESS | time=13ms
2022.01.15 01:49:36 INFO  ce[AX5bbPayVJLYrZMREXVp][o.s.c.t.s.ComputationStepExecutor] Persist cross project duplications | status=SUCCESS | time=0ms
2022.01.15 01:49:36 INFO  ce[AX5bbPayVJLYrZMREXVp][o.s.c.t.s.ComputationStepExecutor] Enable analysis | status=SUCCESS | time=2ms
2022.01.15 01:49:36 INFO  ce[AX5bbPayVJLYrZMREXVp][o.s.c.t.s.ComputationStepExecutor] Update last usage date of quality profiles | status=SUCCESS | time=3ms
2022.01.15 01:49:36 INFO  ce[AX5bbPayVJLYrZMREXVp][o.s.c.t.s.ComputationStepExecutor] Purge db | status=SUCCESS | time=30ms
2022.01.15 01:49:38 INFO  ce[AX5bbPayVJLYrZMREXVp][o.s.c.t.s.ComputationStepExecutor] Index analysis | status=SUCCESS | time=2089ms
2022.01.15 01:49:38 INFO  ce[AX5bbPayVJLYrZMREXVp][o.s.c.t.s.ComputationStepExecutor] Update need issue sync for branch | status=SUCCESS | time=1ms
2022.01.15 01:49:38 INFO  ce[AX5bbPayVJLYrZMREXVp][o.s.c.t.s.ComputationStepExecutor] Send issue notifications | newIssuesNotifs=0 | newIssuesDeliveries=0 | myNewIssuesNotifs=0 | myNewIssuesDeliveries=0 | changesNotifs=0 | changesDeliveries=0 | status=SUCCESS | time=2ms
2022.01.15 01:49:38 INFO  ce[AX5bbPayVJLYrZMREXVp][o.s.c.t.s.ComputationStepExecutor] Publish task results | status=SUCCESS | time=0ms
2022.01.15 01:49:38 INFO  ce[AX5bbPayVJLYrZMREXVp][o.s.c.t.s.ComputationStepExecutor] Trigger refresh of Portfolios and Applications | status=SUCCESS | time=0ms
2022.01.15 01:49:38 INFO  ce[AX5bbPayVJLYrZMREXVp][o.s.c.t.p.a.p.PostProjectAnalysisTasksExecutor] Webhooks | globalWebhooks=0 | projectWebhooks=0 | status=SUCCESS | time=3ms
2022.01.15 01:49:38 INFO  ce[AX5bbPayVJLYrZMREXVp][o.s.c.t.CeWorkerImpl] Executed task | project=ejemplo-maven | type=REPORT | id=AX5bbPayVJLYrZMREXVp | submitter=admin | status=SUCCESS | time=3388ms
