2022.01.18 00:06:12 INFO  ce[][o.s.p.ProcessEntryPoint] Starting ce
2022.01.18 00:06:12 INFO  ce[][o.s.ce.app.CeServer] Compute Engine starting up...
2022.01.18 00:06:13 INFO  ce[][o.s.s.e.EsClientProvider] Connected to local Elasticsearch: [http://localhost:9001]
2022.01.18 00:06:14 INFO  ce[][o.sonar.db.Database] Create JDBC data source for jdbc:h2:tcp://127.0.0.1:9092/sonar
2022.01.18 00:06:14 WARN  ce[][o.s.db.dialect.H2] H2 database should be used for evaluation purpose only.
2022.01.18 00:06:16 INFO  ce[][o.s.s.p.ServerFileSystemImpl] SonarQube home: /opt/sonarqube
2022.01.18 00:06:16 INFO  ce[][o.s.c.c.CePluginRepository] Load plugins
2022.01.18 00:06:18 INFO  ce[][o.s.c.c.ComputeEngineContainerImpl] Running Community edition
2022.01.18 00:06:18 INFO  ce[][o.s.ce.app.CeServer] Compute Engine is operational
2022.01.18 00:18:34 INFO  ce[][o.s.c.t.CeWorkerImpl] Execute task | project=ejemplo-maven | type=REPORT | id=AX5qjLcmChL8vi3hf__i | submitter=admin
2022.01.18 00:18:37 INFO  ce[AX5qjLcmChL8vi3hf__i][o.s.c.t.s.ComputationStepExecutor] Extract report | status=SUCCESS | time=28ms
2022.01.18 00:18:37 INFO  ce[AX5qjLcmChL8vi3hf__i][o.s.c.t.s.ComputationStepExecutor] Persist scanner context | status=SUCCESS | time=204ms
2022.01.18 00:18:37 INFO  ce[AX5qjLcmChL8vi3hf__i][o.s.c.t.s.ComputationStepExecutor] Propagate analysis warnings from scanner report | status=SUCCESS | time=39ms
2022.01.18 00:18:37 INFO  ce[AX5qjLcmChL8vi3hf__i][o.s.c.t.s.ComputationStepExecutor] Generate analysis UUID | status=SUCCESS | time=0ms
2022.01.18 00:18:37 INFO  ce[AX5qjLcmChL8vi3hf__i][o.s.c.t.s.ComputationStepExecutor] Load analysis metadata | status=SUCCESS | time=109ms
2022.01.18 00:18:37 INFO  ce[AX5qjLcmChL8vi3hf__i][o.s.c.t.s.ComputationStepExecutor] Initialize | status=SUCCESS | time=0ms
2022.01.18 00:18:43 INFO  ce[AX5qjLcmChL8vi3hf__i][o.s.c.t.s.ComputationStepExecutor] Build tree of components | components=12 | status=SUCCESS | time=5853ms
2022.01.18 00:18:43 INFO  ce[AX5qjLcmChL8vi3hf__i][o.s.c.t.s.ComputationStepExecutor] Validate project | status=SUCCESS | time=7ms
2022.01.18 00:18:55 INFO  ce[AX5qjLcmChL8vi3hf__i][o.s.c.t.s.ComputationStepExecutor] Load quality profiles | status=SUCCESS | time=11775ms
2022.01.18 00:18:55 INFO  ce[AX5qjLcmChL8vi3hf__i][o.s.c.t.s.ComputationStepExecutor] Load Quality gate | status=SUCCESS | time=22ms
2022.01.18 00:18:55 INFO  ce[AX5qjLcmChL8vi3hf__i][o.s.c.t.s.ComputationStepExecutor] Load new code period | status=SUCCESS | time=20ms
2022.01.18 00:18:55 INFO  ce[AX5qjLcmChL8vi3hf__i][o.s.c.t.s.ComputationStepExecutor] Detect file moves | reportFiles=6 | dbFiles=6 | addedFiles=0 | status=SUCCESS | time=17ms
2022.01.18 00:18:55 INFO  ce[AX5qjLcmChL8vi3hf__i][o.s.c.t.s.ComputationStepExecutor] Load duplications | duplications=0 | status=SUCCESS | time=5ms
2022.01.18 00:18:55 INFO  ce[AX5qjLcmChL8vi3hf__i][o.s.c.t.s.ComputationStepExecutor] Compute cross project duplications | status=SUCCESS | time=0ms
2022.01.18 00:18:55 INFO  ce[AX5qjLcmChL8vi3hf__i][o.s.c.t.s.ComputationStepExecutor] Compute size measures | status=SUCCESS | time=33ms
2022.01.18 00:18:55 INFO  ce[AX5qjLcmChL8vi3hf__i][o.s.c.t.s.ComputationStepExecutor] Compute new coverage | status=SUCCESS | time=112ms
2022.01.18 00:18:55 INFO  ce[AX5qjLcmChL8vi3hf__i][o.s.c.t.s.ComputationStepExecutor] Compute coverage measures | status=SUCCESS | time=5ms
2022.01.18 00:18:55 INFO  ce[AX5qjLcmChL8vi3hf__i][o.s.c.t.s.ComputationStepExecutor] Compute comment measures | status=SUCCESS | time=4ms
2022.01.18 00:18:55 INFO  ce[AX5qjLcmChL8vi3hf__i][o.s.c.t.s.ComputationStepExecutor] Compute duplication measures | status=SUCCESS | time=1ms
2022.01.18 00:18:55 INFO  ce[AX5qjLcmChL8vi3hf__i][o.s.c.t.s.ComputationStepExecutor] Compute size measures on new code | status=SUCCESS | time=2ms
2022.01.18 00:18:55 INFO  ce[AX5qjLcmChL8vi3hf__i][o.s.c.t.s.ComputationStepExecutor] Compute language distribution | status=SUCCESS | time=18ms
2022.01.18 00:18:55 INFO  ce[AX5qjLcmChL8vi3hf__i][o.s.c.t.s.ComputationStepExecutor] Compute test measures | status=SUCCESS | time=1ms
2022.01.18 00:18:55 INFO  ce[AX5qjLcmChL8vi3hf__i][o.s.c.t.s.ComputationStepExecutor] Compute complexity measures | status=SUCCESS | time=2ms
2022.01.18 00:18:55 INFO  ce[AX5qjLcmChL8vi3hf__i][o.s.c.t.s.ComputationStepExecutor] Load measure computers | status=SUCCESS | time=3ms
2022.01.18 00:18:55 INFO  ce[AX5qjLcmChL8vi3hf__i][o.s.c.t.s.ComputationStepExecutor] Compute Quality Profile status | status=SUCCESS | time=27ms
2022.01.18 00:18:55 INFO  ce[AX5qjLcmChL8vi3hf__i][o.s.c.t.s.ComputationStepExecutor] Execute component visitors | status=SUCCESS | time=86ms
2022.01.18 00:18:55 INFO  ce[AX5qjLcmChL8vi3hf__i][o.s.c.t.s.ComputationStepExecutor] Checks executed after computation of measures | status=SUCCESS | time=0ms
2022.01.18 00:18:55 INFO  ce[AX5qjLcmChL8vi3hf__i][o.s.c.t.s.ComputationStepExecutor] Compute Quality Gate measures | status=SUCCESS | time=16ms
2022.01.18 00:18:55 INFO  ce[AX5qjLcmChL8vi3hf__i][o.s.c.t.s.ComputationStepExecutor] Compute Quality profile measures | status=SUCCESS | time=6ms
2022.01.18 00:18:55 INFO  ce[AX5qjLcmChL8vi3hf__i][o.s.c.t.s.ComputationStepExecutor] Generate Quality profile events | status=SUCCESS | time=5ms
2022.01.18 00:18:55 INFO  ce[AX5qjLcmChL8vi3hf__i][o.s.c.t.s.ComputationStepExecutor] Generate Quality gate events | status=SUCCESS | time=4ms
2022.01.18 00:18:55 INFO  ce[AX5qjLcmChL8vi3hf__i][o.s.c.t.s.ComputationStepExecutor] Check upgrade possibility for not analyzed code files. | status=SUCCESS | time=2ms
2022.01.18 00:18:55 INFO  ce[AX5qjLcmChL8vi3hf__i][o.s.c.t.s.ComputationStepExecutor] Persist components | status=SUCCESS | time=29ms
2022.01.18 00:18:55 INFO  ce[AX5qjLcmChL8vi3hf__i][o.s.c.t.s.ComputationStepExecutor] Persist analysis | status=SUCCESS | time=6ms
2022.01.18 00:18:55 INFO  ce[AX5qjLcmChL8vi3hf__i][o.s.c.t.s.ComputationStepExecutor] Persist analysis properties | status=SUCCESS | time=7ms
2022.01.18 00:18:55 INFO  ce[AX5qjLcmChL8vi3hf__i][o.s.c.t.s.ComputationStepExecutor] Persist measures | inserts=57 | status=SUCCESS | time=48ms
2022.01.18 00:18:56 INFO  ce[AX5qjLcmChL8vi3hf__i][o.s.c.t.s.ComputationStepExecutor] Persist live measures | insertsOrUpdates=614 | status=SUCCESS | time=349ms
2022.01.18 00:18:56 INFO  ce[AX5qjLcmChL8vi3hf__i][o.s.c.t.s.ComputationStepExecutor] Persist duplication data | insertsOrUpdates=0 | status=SUCCESS | time=2ms
2022.01.18 00:18:56 INFO  ce[AX5qjLcmChL8vi3hf__i][o.s.c.t.s.ComputationStepExecutor] Persist new ad hoc Rules | status=SUCCESS | time=1ms
2022.01.18 00:18:56 INFO  ce[AX5qjLcmChL8vi3hf__i][o.s.c.t.s.ComputationStepExecutor] Persist issues | cacheSize=0 bytes | inserts=0 | updates=0 | merged=0 | status=SUCCESS | time=4ms
2022.01.18 00:18:56 INFO  ce[AX5qjLcmChL8vi3hf__i][o.s.c.t.s.ComputationStepExecutor] Persist project links | status=SUCCESS | time=16ms
2022.01.18 00:18:56 INFO  ce[AX5qjLcmChL8vi3hf__i][o.s.c.t.s.ComputationStepExecutor] Persist events | status=SUCCESS | time=14ms
2022.01.18 00:18:56 INFO  ce[AX5qjLcmChL8vi3hf__i][o.s.c.t.s.ComputationStepExecutor] Persist sources | status=SUCCESS | time=101ms
2022.01.18 00:18:56 INFO  ce[AX5qjLcmChL8vi3hf__i][o.s.c.t.s.ComputationStepExecutor] Persist cross project duplications | status=SUCCESS | time=0ms
2022.01.18 00:18:56 INFO  ce[AX5qjLcmChL8vi3hf__i][o.s.c.t.s.ComputationStepExecutor] Enable analysis | status=SUCCESS | time=5ms
2022.01.18 00:18:56 INFO  ce[AX5qjLcmChL8vi3hf__i][o.s.c.t.s.ComputationStepExecutor] Update last usage date of quality profiles | status=SUCCESS | time=10ms
2022.01.18 00:18:56 INFO  ce[AX5qjLcmChL8vi3hf__i][o.s.c.t.s.ComputationStepExecutor] Purge db | status=SUCCESS | time=580ms
2022.01.18 00:19:00 INFO  ce[AX5qjLcmChL8vi3hf__i][o.s.c.t.s.ComputationStepExecutor] Index analysis | status=SUCCESS | time=3692ms
2022.01.18 00:19:00 INFO  ce[AX5qjLcmChL8vi3hf__i][o.s.c.t.s.ComputationStepExecutor] Update need issue sync for branch | status=SUCCESS | time=4ms
2022.01.18 00:19:00 INFO  ce[AX5qjLcmChL8vi3hf__i][o.s.c.t.s.ComputationStepExecutor] Send issue notifications | newIssuesNotifs=0 | newIssuesDeliveries=0 | myNewIssuesNotifs=0 | myNewIssuesDeliveries=0 | changesNotifs=0 | changesDeliveries=0 | status=SUCCESS | time=9ms
2022.01.18 00:19:00 INFO  ce[AX5qjLcmChL8vi3hf__i][o.s.c.t.s.ComputationStepExecutor] Publish task results | status=SUCCESS | time=0ms
2022.01.18 00:19:00 INFO  ce[AX5qjLcmChL8vi3hf__i][o.s.c.t.s.ComputationStepExecutor] Trigger refresh of Portfolios and Applications | status=SUCCESS | time=0ms
2022.01.18 00:19:00 INFO  ce[AX5qjLcmChL8vi3hf__i][o.s.c.t.p.a.p.PostProjectAnalysisTasksExecutor] Webhooks | globalWebhooks=0 | projectWebhooks=0 | status=SUCCESS | time=12ms
2022.01.18 00:19:00 INFO  ce[AX5qjLcmChL8vi3hf__i][o.s.c.t.CeWorkerImpl] Executed task | project=ejemplo-maven | type=REPORT | id=AX5qjLcmChL8vi3hf__i | submitter=admin | status=SUCCESS | time=25764ms
2022.01.18 00:56:46 INFO  ce[][o.s.c.t.CeWorkerImpl] Execute task | project=test-alive | type=REPORT | id=AX5qr6njChL8vi3hf__m | submitter=admin
2022.01.18 00:56:47 INFO  ce[AX5qr6njChL8vi3hf__m][o.s.c.t.s.ComputationStepExecutor] Extract report | status=SUCCESS | time=10ms
2022.01.18 00:56:47 INFO  ce[AX5qr6njChL8vi3hf__m][o.s.c.t.s.ComputationStepExecutor] Persist scanner context | status=SUCCESS | time=9ms
2022.01.18 00:56:47 INFO  ce[AX5qr6njChL8vi3hf__m][o.s.c.t.s.ComputationStepExecutor] Propagate analysis warnings from scanner report | status=SUCCESS | time=9ms
2022.01.18 00:56:47 INFO  ce[AX5qr6njChL8vi3hf__m][o.s.c.t.s.ComputationStepExecutor] Generate analysis UUID | status=SUCCESS | time=0ms
2022.01.18 00:56:47 INFO  ce[AX5qr6njChL8vi3hf__m][o.s.c.t.s.ComputationStepExecutor] Load analysis metadata | status=SUCCESS | time=6ms
2022.01.18 00:56:47 INFO  ce[AX5qr6njChL8vi3hf__m][o.s.c.t.s.ComputationStepExecutor] Initialize | status=SUCCESS | time=0ms
2022.01.18 00:56:47 INFO  ce[AX5qr6njChL8vi3hf__m][o.s.c.t.s.ComputationStepExecutor] Build tree of components | components=1 | status=SUCCESS | time=7ms
2022.01.18 00:56:47 INFO  ce[AX5qr6njChL8vi3hf__m][o.s.c.t.s.ComputationStepExecutor] Validate project | status=SUCCESS | time=5ms
2022.01.18 00:56:50 INFO  ce[AX5qr6njChL8vi3hf__m][o.s.c.t.s.ComputationStepExecutor] Load quality profiles | status=SUCCESS | time=3749ms
2022.01.18 00:56:50 INFO  ce[AX5qr6njChL8vi3hf__m][o.s.c.t.s.ComputationStepExecutor] Load Quality gate | status=SUCCESS | time=9ms
2022.01.18 00:56:51 INFO  ce[AX5qr6njChL8vi3hf__m][o.s.c.t.s.ComputationStepExecutor] Load new code period | status=SUCCESS | time=3ms
2022.01.18 00:56:51 INFO  ce[AX5qr6njChL8vi3hf__m][o.s.c.t.s.ComputationStepExecutor] Detect file moves | status=SUCCESS | time=0ms
2022.01.18 00:56:51 INFO  ce[AX5qr6njChL8vi3hf__m][o.s.c.t.s.ComputationStepExecutor] Load duplications | duplications=0 | status=SUCCESS | time=0ms
2022.01.18 00:56:51 INFO  ce[AX5qr6njChL8vi3hf__m][o.s.c.t.s.ComputationStepExecutor] Compute cross project duplications | status=SUCCESS | time=0ms
2022.01.18 00:56:51 INFO  ce[AX5qr6njChL8vi3hf__m][o.s.c.t.s.ComputationStepExecutor] Compute size measures | status=SUCCESS | time=1ms
2022.01.18 00:56:51 INFO  ce[AX5qr6njChL8vi3hf__m][o.s.c.t.s.ComputationStepExecutor] Compute new coverage | status=SUCCESS | time=1ms
2022.01.18 00:56:51 INFO  ce[AX5qr6njChL8vi3hf__m][o.s.c.t.s.ComputationStepExecutor] Compute coverage measures | status=SUCCESS | time=0ms
2022.01.18 00:56:51 INFO  ce[AX5qr6njChL8vi3hf__m][o.s.c.t.s.ComputationStepExecutor] Compute comment measures | status=SUCCESS | time=1ms
2022.01.18 00:56:51 INFO  ce[AX5qr6njChL8vi3hf__m][o.s.c.t.s.ComputationStepExecutor] Compute duplication measures | status=SUCCESS | time=0ms
2022.01.18 00:56:51 INFO  ce[AX5qr6njChL8vi3hf__m][o.s.c.t.s.ComputationStepExecutor] Compute size measures on new code | status=SUCCESS | time=0ms
2022.01.18 00:56:51 INFO  ce[AX5qr6njChL8vi3hf__m][o.s.c.t.s.ComputationStepExecutor] Compute language distribution | status=SUCCESS | time=0ms
2022.01.18 00:56:51 INFO  ce[AX5qr6njChL8vi3hf__m][o.s.c.t.s.ComputationStepExecutor] Compute test measures | status=SUCCESS | time=0ms
2022.01.18 00:56:51 INFO  ce[AX5qr6njChL8vi3hf__m][o.s.c.t.s.ComputationStepExecutor] Compute complexity measures | status=SUCCESS | time=0ms
2022.01.18 00:56:51 INFO  ce[AX5qr6njChL8vi3hf__m][o.s.c.t.s.ComputationStepExecutor] Load measure computers | status=SUCCESS | time=0ms
2022.01.18 00:56:51 INFO  ce[AX5qr6njChL8vi3hf__m][o.s.c.t.s.ComputationStepExecutor] Compute Quality Profile status | status=SUCCESS | time=2ms
2022.01.18 00:56:51 INFO  ce[AX5qr6njChL8vi3hf__m][o.s.c.t.s.ComputationStepExecutor] Execute component visitors | status=SUCCESS | time=7ms
2022.01.18 00:56:51 INFO  ce[AX5qr6njChL8vi3hf__m][o.s.c.t.s.ComputationStepExecutor] Checks executed after computation of measures | status=SUCCESS | time=0ms
2022.01.18 00:56:51 INFO  ce[AX5qr6njChL8vi3hf__m][o.s.c.t.s.ComputationStepExecutor] Compute Quality Gate measures | status=SUCCESS | time=1ms
2022.01.18 00:56:51 INFO  ce[AX5qr6njChL8vi3hf__m][o.s.c.t.s.ComputationStepExecutor] Compute Quality profile measures | status=SUCCESS | time=1ms
2022.01.18 00:56:51 INFO  ce[AX5qr6njChL8vi3hf__m][o.s.c.t.s.ComputationStepExecutor] Generate Quality profile events | status=SUCCESS | time=1ms
2022.01.18 00:56:51 INFO  ce[AX5qr6njChL8vi3hf__m][o.s.c.t.s.ComputationStepExecutor] Generate Quality gate events | status=SUCCESS | time=1ms
2022.01.18 00:56:51 INFO  ce[AX5qr6njChL8vi3hf__m][o.s.c.t.s.ComputationStepExecutor] Check upgrade possibility for not analyzed code files. | status=SUCCESS | time=0ms
2022.01.18 00:56:51 INFO  ce[AX5qr6njChL8vi3hf__m][o.s.c.t.s.ComputationStepExecutor] Persist components | status=SUCCESS | time=8ms
2022.01.18 00:56:51 INFO  ce[AX5qr6njChL8vi3hf__m][o.s.c.t.s.ComputationStepExecutor] Persist analysis | status=SUCCESS | time=2ms
2022.01.18 00:56:51 INFO  ce[AX5qr6njChL8vi3hf__m][o.s.c.t.s.ComputationStepExecutor] Persist analysis properties | status=SUCCESS | time=2ms
2022.01.18 00:56:51 INFO  ce[AX5qr6njChL8vi3hf__m][o.s.c.t.s.ComputationStepExecutor] Persist measures | inserts=30 | status=SUCCESS | time=9ms
2022.01.18 00:56:51 INFO  ce[AX5qr6njChL8vi3hf__m][o.s.c.t.s.ComputationStepExecutor] Persist live measures | insertsOrUpdates=32 | status=SUCCESS | time=11ms
2022.01.18 00:56:51 INFO  ce[AX5qr6njChL8vi3hf__m][o.s.c.t.s.ComputationStepExecutor] Persist duplication data | insertsOrUpdates=0 | status=SUCCESS | time=1ms
2022.01.18 00:56:51 INFO  ce[AX5qr6njChL8vi3hf__m][o.s.c.t.s.ComputationStepExecutor] Persist new ad hoc Rules | status=SUCCESS | time=0ms
2022.01.18 00:56:51 INFO  ce[AX5qr6njChL8vi3hf__m][o.s.c.t.s.ComputationStepExecutor] Persist issues | cacheSize=0 bytes | inserts=0 | updates=0 | merged=0 | status=SUCCESS | time=0ms
2022.01.18 00:56:51 INFO  ce[AX5qr6njChL8vi3hf__m][o.s.c.t.s.ComputationStepExecutor] Persist project links | status=SUCCESS | time=2ms
2022.01.18 00:56:51 INFO  ce[AX5qr6njChL8vi3hf__m][o.s.c.t.s.ComputationStepExecutor] Persist events | status=SUCCESS | time=5ms
2022.01.18 00:56:51 INFO  ce[AX5qr6njChL8vi3hf__m][o.s.c.t.s.ComputationStepExecutor] Persist sources | status=SUCCESS | time=1ms
2022.01.18 00:56:51 INFO  ce[AX5qr6njChL8vi3hf__m][o.s.c.t.s.ComputationStepExecutor] Persist cross project duplications | status=SUCCESS | time=0ms
2022.01.18 00:56:51 INFO  ce[AX5qr6njChL8vi3hf__m][o.s.c.t.s.ComputationStepExecutor] Enable analysis | status=SUCCESS | time=3ms
2022.01.18 00:56:51 INFO  ce[AX5qr6njChL8vi3hf__m][o.s.c.t.s.ComputationStepExecutor] Update last usage date of quality profiles | status=SUCCESS | time=0ms
2022.01.18 00:56:51 INFO  ce[AX5qr6njChL8vi3hf__m][o.s.c.t.s.ComputationStepExecutor] Purge db | status=SUCCESS | time=75ms
2022.01.18 00:56:53 INFO  ce[AX5qr6njChL8vi3hf__m][o.s.c.t.s.ComputationStepExecutor] Index analysis | status=SUCCESS | time=2125ms
2022.01.18 00:56:53 INFO  ce[AX5qr6njChL8vi3hf__m][o.s.c.t.s.ComputationStepExecutor] Update need issue sync for branch | status=SUCCESS | time=1ms
2022.01.18 00:56:53 INFO  ce[AX5qr6njChL8vi3hf__m][o.s.c.t.s.ComputationStepExecutor] Send issue notifications | newIssuesNotifs=0 | newIssuesDeliveries=0 | myNewIssuesNotifs=0 | myNewIssuesDeliveries=0 | changesNotifs=0 | changesDeliveries=0 | status=SUCCESS | time=3ms
2022.01.18 00:56:53 INFO  ce[AX5qr6njChL8vi3hf__m][o.s.c.t.s.ComputationStepExecutor] Publish task results | status=SUCCESS | time=0ms
2022.01.18 00:56:53 INFO  ce[AX5qr6njChL8vi3hf__m][o.s.c.t.s.ComputationStepExecutor] Trigger refresh of Portfolios and Applications | status=SUCCESS | time=0ms
2022.01.18 00:56:53 INFO  ce[AX5qr6njChL8vi3hf__m][o.s.c.t.p.a.p.PostProjectAnalysisTasksExecutor] Webhooks | globalWebhooks=0 | projectWebhooks=0 | status=SUCCESS | time=3ms
2022.01.18 00:56:53 INFO  ce[AX5qr6njChL8vi3hf__m][o.s.c.t.CeWorkerImpl] Executed task | project=test-alive | type=REPORT | id=AX5qr6njChL8vi3hf__m | submitter=admin | status=SUCCESS | time=7011ms
