2022.01.24 20:21:05 INFO  web[][o.s.p.ProcessEntryPoint] Starting web
2022.01.24 20:21:06 INFO  web[][o.a.t.u.n.NioSelectorPool] Using a shared selector for servlet write/read
2022.01.24 20:21:06 INFO  web[][o.s.s.e.EsClientProvider] Connected to local Elasticsearch: [http://localhost:9001]
2022.01.24 20:21:07 INFO  web[][o.s.s.p.LogServerVersion] SonarQube Server / 9.2.4.50792 / 78f7113cee15b2bd37a958455271e68f1244cb7b
2022.01.24 20:21:07 INFO  web[][o.s.s.p.d.EmbeddedDatabase] Starting embedded database on port 9092 with url jdbc:h2:tcp://127.0.0.1:9092/sonar
2022.01.24 20:21:07 INFO  web[][o.s.s.p.d.EmbeddedDatabase] Embedded database started. Data stored in: /opt/sonarqube/data
2022.01.24 20:21:07 INFO  web[][o.sonar.db.Database] Create JDBC data source for jdbc:h2:tcp://127.0.0.1:9092/sonar
2022.01.24 20:21:08 WARN  web[][o.s.db.dialect.H2] H2 database should be used for evaluation purpose only.
2022.01.24 20:21:09 INFO  web[][o.s.s.p.ServerFileSystemImpl] SonarQube home: /opt/sonarqube
2022.01.24 20:21:09 INFO  web[][o.s.s.u.SystemPasscodeImpl] System authentication by passcode is disabled
2022.01.24 20:21:09 INFO  web[][o.s.s.p.ServerPluginManager] Deploy plugin C# Code Quality and Security / 8.32.0.39516 / 339a4abca54577c2331eb89f3ccecd43279fbd11
2022.01.24 20:21:09 INFO  web[][o.s.s.p.ServerPluginManager] Deploy plugin Configuration detection fot Code Quality and Security / 1.1.0.185 / f880796141c97fa59ac04f8ac0db56c62d862005
2022.01.24 20:21:09 INFO  web[][o.s.s.p.ServerPluginManager] Deploy plugin Flex Code Quality and Security / 2.6.2.2641 / 11f07506915923b3a0e39e4e34280644c035b925
2022.01.24 20:21:09 INFO  web[][o.s.s.p.ServerPluginManager] Deploy plugin Go Code Quality and Security / 1.8.3.2219 / d6ad7a5a47fc4785d2e80918fb7424be46e38a7f
2022.01.24 20:21:09 INFO  web[][o.s.s.p.ServerPluginManager] Deploy plugin HTML Code Quality and Security / 3.4.0.2754 / 38f7ff864ae15152c9f1efc3014594f7e7ca7b6e
2022.01.24 20:21:09 INFO  web[][o.s.s.p.ServerPluginManager] Deploy plugin IaC Code Quality and Security / 1.4.0.1294 / d5088c9df33e24593acd39bac9306136176da598
2022.01.24 20:21:09 INFO  web[][o.s.s.p.ServerPluginManager] Deploy plugin JaCoCo / 1.1.1.1157 / 83478572b9f23efac29de15e30c7758bbb0c0e47
2022.01.24 20:21:09 INFO  web[][o.s.s.p.ServerPluginManager] Deploy plugin Java Code Quality and Security / 7.5.0.28054 / 54b377cfbc4b5d4f2780855818c6850c298ea395
2022.01.24 20:21:09 INFO  web[][o.s.s.p.ServerPluginManager] Deploy plugin JavaScript/TypeScript Code Quality and Security / 8.6.0.16913 / 701a9ce4770cfe89eb0ac54c75eeafb2c8c514ac
2022.01.24 20:21:09 INFO  web[][o.s.s.p.ServerPluginManager] Deploy plugin Kotlin Code Quality and Security / 2.7.0.948 / 9ab38bae2f6f59bd5ba6d3bed5a159d858b87daf
2022.01.24 20:21:09 INFO  web[][o.s.s.p.ServerPluginManager] Deploy plugin PHP Code Quality and Security / 3.21.2.8292 / 86bd9dd559ac9a3a8dbabdf44d171395e7334590
2022.01.24 20:21:09 INFO  web[][o.s.s.p.ServerPluginManager] Deploy plugin Python Code Quality and Security / 3.8.0.8883 / 30629fbf3e871f83899ec32d3e4a05988b3d4727
2022.01.24 20:21:09 INFO  web[][o.s.s.p.ServerPluginManager] Deploy plugin Ruby Code Quality and Security / 1.8.3.2219 / d6ad7a5a47fc4785d2e80918fb7424be46e38a7f
2022.01.24 20:21:09 INFO  web[][o.s.s.p.ServerPluginManager] Deploy plugin Scala Code Quality and Security / 1.8.3.2219 / d6ad7a5a47fc4785d2e80918fb7424be46e38a7f
2022.01.24 20:21:09 INFO  web[][o.s.s.p.ServerPluginManager] Deploy plugin VB.NET Code Quality and Security / 8.32.0.39516 / 339a4abca54577c2331eb89f3ccecd43279fbd11
2022.01.24 20:21:09 INFO  web[][o.s.s.p.ServerPluginManager] Deploy plugin XML Code Quality and Security / 2.4.0.3273 / 3e6d286309dbc9af364fc3c843ee8e71ed1801f7
2022.01.24 20:21:31 WARN  web[][o.s.a.s.w.WebService$Action] The response example is not set on action api/system/liveness
2022.01.24 20:21:31 INFO  web[][o.s.s.p.w.MasterServletFilter] Initializing servlet filter org.sonar.server.platform.web.WebServiceFilter@75c7a2d2 [pattern=UrlPattern{inclusions=[/api/system/migrate_db.*, ...], exclusions=[/api/components/update_key, ...]}]
2022.01.24 20:21:31 INFO  web[][o.s.s.p.DetectPluginChange] Detect plugin changes
2022.01.24 20:21:31 INFO  web[][o.s.s.p.DetectPluginChange] No plugin change detected
2022.01.24 20:21:31 INFO  web[][o.s.s.a.EmbeddedTomcat] HTTP connector enabled on port 9000
2022.01.24 20:21:33 INFO  web[][o.s.s.p.UpdateCenterClient] Update center: https://update.sonarsource.org/update-center.properties (no proxy)
2022.01.24 20:21:35 INFO  web[][o.s.s.s.LogServerId] Server ID: BF41A1F2-AX5Q9rP2VJLYrZMRESAP
2022.01.24 20:21:35 WARN  web[][o.s.s.a.LogOAuthWarning] For security reasons, OAuth authentication should use HTTPS. You should set the property 'Administration > Configuration > Server base URL' to a HTTPS URL.
2022.01.24 20:21:35 WARN  web[][o.s.a.s.w.WebService$Action] The response example is not set on action api/plugins/download
2022.01.24 20:21:35 WARN  web[][o.s.a.s.w.WebService$Action] The response example is not set on action api/system/liveness
2022.01.24 20:21:35 WARN  web[][o.s.a.s.w.WebService$Action] The response example is not set on action api/alm_integrations/list_bitbucketserver_projects
2022.01.24 20:21:35 WARN  web[][o.s.a.s.w.WebService$Action] The response example is not set on action api/alm_integrations/search_bitbucketcloud_repos
2022.01.24 20:21:35 WARN  web[][o.s.a.s.w.WebService$Action] The response example is not set on action api/alm_integrations/check_pat
2022.01.24 20:21:35 WARN  web[][o.s.a.s.w.WebService$Action] The response example is not set on action api/alm_integrations/list_azure_projects
2022.01.24 20:21:35 WARN  web[][o.s.a.s.w.WebService$Action] The response example is not set on action api/alm_integrations/search_bitbucketserver_repos
2022.01.24 20:21:35 WARN  web[][o.s.a.s.w.WebService$Action] The response example is not set on action api/alm_integrations/search_azure_repos
2022.01.24 20:21:35 WARN  web[][o.s.a.s.w.WebService$Action] The response example is not set on action api/project_dump/status
2022.01.24 20:21:35 INFO  web[][o.s.s.t.TelemetryDaemon] Sharing of SonarQube statistics is enabled.
2022.01.24 20:21:35 INFO  web[][o.s.s.n.NotificationDaemon] Notification service started (delay 60 sec.)
2022.01.24 20:21:35 INFO  web[][o.s.s.a.p.ExpiredSessionsCleaner] Purge of expired session tokens has removed 0 elements
2022.01.24 20:21:35 INFO  web[][o.s.s.a.p.ExpiredSessionsCleaner] Purge of expired SAML message ids has removed 0 elements
2022.01.24 20:21:35 INFO  web[][o.s.s.s.GeneratePluginIndex] Generate scanner plugin index
2022.01.24 20:21:35 INFO  web[][o.s.s.s.RegisterPermissionTemplates] Register permission templates
2022.01.24 20:21:35 INFO  web[][o.s.s.s.RenameDeprecatedPropertyKeys] Rename deprecated property keys
2022.01.24 20:21:35 INFO  web[][o.s.s.s.RegisterPlugins] Register plugins
2022.01.24 20:21:35 INFO  web[][o.s.s.p.w.MasterServletFilter] Initializing servlet filter org.sonar.server.platform.web.SonarLintConnectionFilter@1eccc4c0 [pattern=UrlPattern{inclusions=[/api/*], exclusions=[]}]
2022.01.24 20:21:35 INFO  web[][o.s.s.p.w.MasterServletFilter] Initializing servlet filter org.sonar.server.platform.web.WebServiceFilter@78db08c1 [pattern=UrlPattern{inclusions=[/api/issues/delete_comment.*, ...], exclusions=[/api/authentication/login.*, ...]}]
2022.01.24 20:21:35 INFO  web[][o.s.s.p.w.MasterServletFilter] Initializing servlet filter org.sonar.server.platform.web.WebServiceReroutingFilter@6ebf6e8b [pattern=UrlPattern{inclusions=[/api/components/bulk_update_key, ...], exclusions=[]}]
2022.01.24 20:21:35 INFO  web[][o.s.s.p.w.MasterServletFilter] Initializing servlet filter org.sonar.server.plugins.PluginsRiskConsentFilter@5aeff481 [pattern=UrlPattern{inclusions=[/*], exclusions=[*.css, ...]}]
2022.01.24 20:21:35 INFO  web[][o.s.s.p.w.MasterServletFilter] Initializing servlet filter org.sonar.server.authentication.DefaultAdminCredentialsVerifierFilter@285eb0c3 [pattern=UrlPattern{inclusions=[/*], exclusions=[*.css, ...]}]
2022.01.24 20:21:35 INFO  web[][o.s.s.p.w.MasterServletFilter] Initializing servlet filter org.sonar.server.authentication.InitFilter@499e377f [pattern=UrlPattern{inclusions=[/sessions/init/*], exclusions=[]}]
2022.01.24 20:21:35 INFO  web[][o.s.s.p.w.MasterServletFilter] Initializing servlet filter org.sonar.server.authentication.OAuth2CallbackFilter@5909499d [pattern=UrlPattern{inclusions=[/oauth2/callback/*], exclusions=[]}]
2022.01.24 20:21:35 INFO  web[][o.s.s.p.w.MasterServletFilter] Initializing servlet filter org.sonar.server.authentication.ResetPasswordFilter@5c8cf1a9 [pattern=UrlPattern{inclusions=[/*], exclusions=[*.css, ...]}]
2022.01.24 20:21:35 INFO  web[][o.s.s.p.w.MasterServletFilter] Initializing servlet filter org.sonar.server.authentication.ws.LoginAction@5ee9cecf [pattern=UrlPattern{inclusions=[/api/authentication/login], exclusions=[]}]
2022.01.24 20:21:35 INFO  web[][o.s.s.p.w.MasterServletFilter] Initializing servlet filter org.sonar.server.authentication.ws.LogoutAction@7351a5d8 [pattern=UrlPattern{inclusions=[/api/authentication/logout], exclusions=[]}]
2022.01.24 20:21:35 INFO  web[][o.s.s.p.w.MasterServletFilter] Initializing servlet filter org.sonar.server.authentication.ws.ValidateAction@2fb55c2d [pattern=UrlPattern{inclusions=[/api/authentication/validate], exclusions=[]}]
2022.01.24 20:21:35 INFO  web[][o.s.s.q.ProjectsInWarningDaemon] Counting number of projects in warning is not started as there are no projects in this situation.
2022.01.24 20:21:35 INFO  web[][o.s.s.p.p.PlatformLevelStartup] Running Community Edition
2022.01.24 20:21:35 INFO  web[][o.s.s.p.Platform] WebServer is operational
2022.01.24 20:30:20 ERROR web[AX6Nx+QANBSLBWLVAAAQ][o.s.s.p.UpdateCenterClient] Fail to connect to update center
org.sonar.api.utils.SonarException: Fail to download: https://update.sonarsource.org/update-center.properties (no proxy)
	at org.sonar.core.util.DefaultHttpDownloader.failToDownload(DefaultHttpDownloader.java:155)
	at org.sonar.core.util.DefaultHttpDownloader.readString(DefaultHttpDownloader.java:113)
	at org.sonar.api.utils.UriReader.readString(UriReader.java:69)
	at org.sonar.server.plugins.UpdateCenterClient.init(UpdateCenterClient.java:108)
	at org.sonar.server.plugins.UpdateCenterClient.getUpdateCenter(UpdateCenterClient.java:91)
	at org.sonar.server.plugins.UpdateCenterMatrixFactory.getUpdateCenter(UpdateCenterMatrixFactory.java:44)
	at org.sonar.server.platform.ws.UpgradesAction.writeResponse(UpgradesAction.java:113)
	at org.sonar.server.platform.ws.UpgradesAction.handle(UpgradesAction.java:106)
	at org.sonar.server.ws.WebServiceEngine.execute(WebServiceEngine.java:111)
	at org.sonar.server.platform.web.WebServiceFilter.doFilter(WebServiceFilter.java:84)
	at org.sonar.server.platform.web.MasterServletFilter$GodFilterChain.doFilter(MasterServletFilter.java:139)
	at org.sonar.server.platform.web.SonarLintConnectionFilter.doFilter(SonarLintConnectionFilter.java:66)
	at org.sonar.server.platform.web.MasterServletFilter$GodFilterChain.doFilter(MasterServletFilter.java:139)
	at org.sonar.server.platform.web.MasterServletFilter.doFilter(MasterServletFilter.java:108)
	at jdk.internal.reflect.GeneratedMethodAccessor32.invoke(Unknown Source)
	at java.base/jdk.internal.reflect.DelegatingMethodAccessorImpl.invoke(DelegatingMethodAccessorImpl.java:43)
	at java.base/java.lang.reflect.Method.invoke(Method.java:566)
	at org.apache.catalina.security.SecurityUtil$1.run(SecurityUtil.java:282)
	at org.apache.catalina.security.SecurityUtil$1.run(SecurityUtil.java:279)
	at java.base/java.security.AccessController.doPrivileged(Native Method)
	at java.base/javax.security.auth.Subject.doAsPrivileged(Subject.java:550)
	at org.apache.catalina.security.SecurityUtil.execute(SecurityUtil.java:314)
	at org.apache.catalina.security.SecurityUtil.doAsPrivilege(SecurityUtil.java:253)
	at org.apache.catalina.core.ApplicationFilterChain.internalDoFilter(ApplicationFilterChain.java:191)
	at org.apache.catalina.core.ApplicationFilterChain.access$000(ApplicationFilterChain.java:47)
	at org.apache.catalina.core.ApplicationFilterChain$1.run(ApplicationFilterChain.java:148)
	at org.apache.catalina.core.ApplicationFilterChain$1.run(ApplicationFilterChain.java:144)
	at java.base/java.security.AccessController.doPrivileged(Native Method)
	at org.apache.catalina.core.ApplicationFilterChain.doFilter(ApplicationFilterChain.java:143)
	at org.sonar.server.platform.web.UserSessionFilter.doFilter(UserSessionFilter.java:81)
	at org.sonar.server.platform.web.UserSessionFilter.doFilter(UserSessionFilter.java:68)
	at jdk.internal.reflect.GeneratedMethodAccessor32.invoke(Unknown Source)
	at java.base/jdk.internal.reflect.DelegatingMethodAccessorImpl.invoke(DelegatingMethodAccessorImpl.java:43)
	at java.base/java.lang.reflect.Method.invoke(Method.java:566)
	at org.apache.catalina.security.SecurityUtil$1.run(SecurityUtil.java:282)
	at org.apache.catalina.security.SecurityUtil$1.run(SecurityUtil.java:279)
	at java.base/java.security.AccessController.doPrivileged(Native Method)
	at java.base/javax.security.auth.Subject.doAsPrivileged(Subject.java:550)
	at org.apache.catalina.security.SecurityUtil.execute(SecurityUtil.java:314)
	at org.apache.catalina.security.SecurityUtil.doAsPrivilege(SecurityUtil.java:253)
	at org.apache.catalina.core.ApplicationFilterChain.internalDoFilter(ApplicationFilterChain.java:191)
	at org.apache.catalina.core.ApplicationFilterChain.access$000(ApplicationFilterChain.java:47)
	at org.apache.catalina.core.ApplicationFilterChain$1.run(ApplicationFilterChain.java:148)
	at org.apache.catalina.core.ApplicationFilterChain$1.run(ApplicationFilterChain.java:144)
	at java.base/java.security.AccessController.doPrivileged(Native Method)
	at org.apache.catalina.core.ApplicationFilterChain.doFilter(ApplicationFilterChain.java:143)
	at org.sonar.server.platform.web.CacheControlFilter.doFilter(CacheControlFilter.java:76)
	at jdk.internal.reflect.GeneratedMethodAccessor32.invoke(Unknown Source)
	at java.base/jdk.internal.reflect.DelegatingMethodAccessorImpl.invoke(DelegatingMethodAccessorImpl.java:43)
	at java.base/java.lang.reflect.Method.invoke(Method.java:566)
	at org.apache.catalina.security.SecurityUtil$1.run(SecurityUtil.java:282)
	at org.apache.catalina.security.SecurityUtil$1.run(SecurityUtil.java:279)
	at java.base/java.security.AccessController.doPrivileged(Native Method)
	at java.base/javax.security.auth.Subject.doAsPrivileged(Subject.java:550)
	at org.apache.catalina.security.SecurityUtil.execute(SecurityUtil.java:314)
	at org.apache.catalina.security.SecurityUtil.doAsPrivilege(SecurityUtil.java:253)
	at org.apache.catalina.core.ApplicationFilterChain.internalDoFilter(ApplicationFilterChain.java:191)
	at org.apache.catalina.core.ApplicationFilterChain.access$000(ApplicationFilterChain.java:47)
	at org.apache.catalina.core.ApplicationFilterChain$1.run(ApplicationFilterChain.java:148)
	at org.apache.catalina.core.ApplicationFilterChain$1.run(ApplicationFilterChain.java:144)
	at java.base/java.security.AccessController.doPrivileged(Native Method)
	at org.apache.catalina.core.ApplicationFilterChain.doFilter(ApplicationFilterChain.java:143)
	at org.sonar.server.platform.web.SecurityServletFilter.doHttpFilter(SecurityServletFilter.java:75)
	at org.sonar.server.platform.web.SecurityServletFilter.doFilter(SecurityServletFilter.java:47)
	at jdk.internal.reflect.GeneratedMethodAccessor32.invoke(Unknown Source)
	at java.base/jdk.internal.reflect.DelegatingMethodAccessorImpl.invoke(DelegatingMethodAccessorImpl.java:43)
	at java.base/java.lang.reflect.Method.invoke(Method.java:566)
	at org.apache.catalina.security.SecurityUtil$1.run(SecurityUtil.java:282)
	at org.apache.catalina.security.SecurityUtil$1.run(SecurityUtil.java:279)
	at java.base/java.security.AccessController.doPrivileged(Native Method)
	at java.base/javax.security.auth.Subject.doAsPrivileged(Subject.java:550)
	at org.apache.catalina.security.SecurityUtil.execute(SecurityUtil.java:314)
	at org.apache.catalina.security.SecurityUtil.doAsPrivilege(SecurityUtil.java:253)
	at org.apache.catalina.core.ApplicationFilterChain.internalDoFilter(ApplicationFilterChain.java:191)
	at org.apache.catalina.core.ApplicationFilterChain.access$000(ApplicationFilterChain.java:47)
	at org.apache.catalina.core.ApplicationFilterChain$1.run(ApplicationFilterChain.java:148)
	at org.apache.catalina.core.ApplicationFilterChain$1.run(ApplicationFilterChain.java:144)
	at java.base/java.security.AccessController.doPrivileged(Native Method)
	at org.apache.catalina.core.ApplicationFilterChain.doFilter(ApplicationFilterChain.java:143)
	at org.sonar.server.platform.web.RedirectFilter.doFilter(RedirectFilter.java:57)
	at jdk.internal.reflect.GeneratedMethodAccessor32.invoke(Unknown Source)
	at java.base/jdk.internal.reflect.DelegatingMethodAccessorImpl.invoke(DelegatingMethodAccessorImpl.java:43)
	at java.base/java.lang.reflect.Method.invoke(Method.java:566)
	at org.apache.catalina.security.SecurityUtil$1.run(SecurityUtil.java:282)
	at org.apache.catalina.security.SecurityUtil$1.run(SecurityUtil.java:279)
	at java.base/java.security.AccessController.doPrivileged(Native Method)
	at java.base/javax.security.auth.Subject.doAsPrivileged(Subject.java:550)
	at org.apache.catalina.security.SecurityUtil.execute(SecurityUtil.java:314)
	at org.apache.catalina.security.SecurityUtil.doAsPrivilege(SecurityUtil.java:253)
	at org.apache.catalina.core.ApplicationFilterChain.internalDoFilter(ApplicationFilterChain.java:191)
	at org.apache.catalina.core.ApplicationFilterChain.access$000(ApplicationFilterChain.java:47)
	at org.apache.catalina.core.ApplicationFilterChain$1.run(ApplicationFilterChain.java:148)
	at org.apache.catalina.core.ApplicationFilterChain$1.run(ApplicationFilterChain.java:144)
	at java.base/java.security.AccessController.doPrivileged(Native Method)
	at org.apache.catalina.core.ApplicationFilterChain.doFilter(ApplicationFilterChain.java:143)
	at org.sonar.server.platform.web.RequestIdFilter.doFilter(RequestIdFilter.java:66)
	at jdk.internal.reflect.GeneratedMethodAccessor32.invoke(Unknown Source)
	at java.base/jdk.internal.reflect.DelegatingMethodAccessorImpl.invoke(DelegatingMethodAccessorImpl.java:43)
	at java.base/java.lang.reflect.Method.invoke(Method.java:566)
	at org.apache.catalina.security.SecurityUtil$1.run(SecurityUtil.java:282)
	at org.apache.catalina.security.SecurityUtil$1.run(SecurityUtil.java:279)
	at java.base/java.security.AccessController.doPrivileged(Native Method)
	at java.base/javax.security.auth.Subject.doAsPrivileged(Subject.java:550)
	at org.apache.catalina.security.SecurityUtil.execute(SecurityUtil.java:314)
	at org.apache.catalina.security.SecurityUtil.doAsPrivilege(SecurityUtil.java:253)
	at org.apache.catalina.core.ApplicationFilterChain.internalDoFilter(ApplicationFilterChain.java:191)
	at org.apache.catalina.core.ApplicationFilterChain.access$000(ApplicationFilterChain.java:47)
	at org.apache.catalina.core.ApplicationFilterChain$1.run(ApplicationFilterChain.java:148)
	at org.apache.catalina.core.ApplicationFilterChain$1.run(ApplicationFilterChain.java:144)
	at java.base/java.security.AccessController.doPrivileged(Native Method)
	at org.apache.catalina.core.ApplicationFilterChain.doFilter(ApplicationFilterChain.java:143)
	at org.sonar.server.platform.web.RootFilter.doFilter(RootFilter.java:62)
	at jdk.internal.reflect.GeneratedMethodAccessor32.invoke(Unknown Source)
	at java.base/jdk.internal.reflect.DelegatingMethodAccessorImpl.invoke(DelegatingMethodAccessorImpl.java:43)
	at java.base/java.lang.reflect.Method.invoke(Method.java:566)
	at org.apache.catalina.security.SecurityUtil$1.run(SecurityUtil.java:282)
	at org.apache.catalina.security.SecurityUtil$1.run(SecurityUtil.java:279)
	at java.base/java.security.AccessController.doPrivileged(Native Method)
	at java.base/javax.security.auth.Subject.doAsPrivileged(Subject.java:550)
	at org.apache.catalina.security.SecurityUtil.execute(SecurityUtil.java:314)
	at org.apache.catalina.security.SecurityUtil.doAsPrivilege(SecurityUtil.java:253)
	at org.apache.catalina.core.ApplicationFilterChain.internalDoFilter(ApplicationFilterChain.java:191)
	at org.apache.catalina.core.ApplicationFilterChain.access$000(ApplicationFilterChain.java:47)
	at org.apache.catalina.core.ApplicationFilterChain$1.run(ApplicationFilterChain.java:148)
	at org.apache.catalina.core.ApplicationFilterChain$1.run(ApplicationFilterChain.java:144)
	at java.base/java.security.AccessController.doPrivileged(Native Method)
	at org.apache.catalina.core.ApplicationFilterChain.doFilter(ApplicationFilterChain.java:143)
	at org.apache.catalina.filters.SetCharacterEncodingFilter.doFilter(SetCharacterEncodingFilter.java:109)
	at jdk.internal.reflect.GeneratedMethodAccessor32.invoke(Unknown Source)
	at java.base/jdk.internal.reflect.DelegatingMethodAccessorImpl.invoke(DelegatingMethodAccessorImpl.java:43)
	at java.base/java.lang.reflect.Method.invoke(Method.java:566)
	at org.apache.catalina.security.SecurityUtil$1.run(SecurityUtil.java:282)
	at org.apache.catalina.security.SecurityUtil$1.run(SecurityUtil.java:279)
	at java.base/java.security.AccessController.doPrivileged(Native Method)
	at java.base/javax.security.auth.Subject.doAsPrivileged(Subject.java:550)
	at org.apache.catalina.security.SecurityUtil.execute(SecurityUtil.java:314)
	at org.apache.catalina.security.SecurityUtil.doAsPrivilege(SecurityUtil.java:253)
	at org.apache.catalina.core.ApplicationFilterChain.internalDoFilter(ApplicationFilterChain.java:191)
	at org.apache.catalina.core.ApplicationFilterChain.access$000(ApplicationFilterChain.java:47)
	at org.apache.catalina.core.ApplicationFilterChain$1.run(ApplicationFilterChain.java:148)
	at org.apache.catalina.core.ApplicationFilterChain$1.run(ApplicationFilterChain.java:144)
	at java.base/java.security.AccessController.doPrivileged(Native Method)
	at org.apache.catalina.core.ApplicationFilterChain.doFilter(ApplicationFilterChain.java:143)
	at org.apache.catalina.core.StandardWrapperValve.invoke(StandardWrapperValve.java:196)
	at org.apache.catalina.core.StandardContextValve.invoke(StandardContextValve.java:97)
	at org.apache.catalina.authenticator.AuthenticatorBase.invoke(AuthenticatorBase.java:542)
	at org.apache.catalina.core.StandardHostValve.invoke(StandardHostValve.java:135)
	at ch.qos.logback.access.tomcat.LogbackValve.invoke(LogbackValve.java:256)
	at org.apache.catalina.valves.ErrorReportValve.invoke(ErrorReportValve.java:81)
	at org.apache.catalina.core.StandardEngineValve.invoke(StandardEngineValve.java:78)
	at org.apache.catalina.connector.CoyoteAdapter.service(CoyoteAdapter.java:364)
	at org.apache.coyote.http11.Http11Processor.service(Http11Processor.java:624)
	at org.apache.coyote.AbstractProcessorLight.process(AbstractProcessorLight.java:65)
	at org.apache.coyote.AbstractProtocol$ConnectionHandler.process(AbstractProtocol.java:831)
	at org.apache.tomcat.util.net.NioEndpoint$SocketProcessor.doRun(NioEndpoint.java:1650)
	at org.apache.tomcat.util.net.SocketProcessorBase.run(SocketProcessorBase.java:49)
	at org.apache.tomcat.util.threads.ThreadPoolExecutor.runWorker(ThreadPoolExecutor.java:1191)
	at org.apache.tomcat.util.threads.ThreadPoolExecutor$Worker.run(ThreadPoolExecutor.java:659)
	at org.apache.tomcat.util.threads.TaskThread$WrappingRunnable.run(TaskThread.java:61)
	at java.base/java.lang.Thread.run(Thread.java:829)
Caused by: java.net.UnknownHostException: update.sonarsource.org
	at java.base/java.net.AbstractPlainSocketImpl.connect(AbstractPlainSocketImpl.java:220)
	at java.base/java.net.SocksSocketImpl.connect(SocksSocketImpl.java:392)
	at java.base/java.net.Socket.connect(Socket.java:609)
	at java.base/sun.security.ssl.SSLSocketImpl.connect(SSLSocketImpl.java:299)
	at java.base/sun.net.NetworkClient.doConnect(NetworkClient.java:177)
	at java.base/sun.net.www.http.HttpClient.openServer(HttpClient.java:474)
	at java.base/sun.net.www.http.HttpClient.openServer(HttpClient.java:569)
	at java.base/sun.net.www.protocol.https.HttpsClient.<init>(HttpsClient.java:266)
	at java.base/sun.net.www.protocol.https.HttpsClient.New(HttpsClient.java:373)
	at java.base/sun.net.www.protocol.https.AbstractDelegateHttpsURLConnection.getNewHttpClient(AbstractDelegateHttpsURLConnection.java:203)
	at java.base/sun.net.www.protocol.http.HttpURLConnection.plainConnect0(HttpURLConnection.java:1187)
	at java.base/sun.net.www.protocol.http.HttpURLConnection$6.run(HttpURLConnection.java:1071)
	at java.base/sun.net.www.protocol.http.HttpURLConnection$6.run(HttpURLConnection.java:1069)
	at java.base/java.security.AccessController.doPrivileged(Native Method)
	at java.base/java.security.AccessController.doPrivilegedWithCombiner(AccessController.java:795)
	at java.base/sun.net.www.protocol.http.HttpURLConnection.plainConnect(HttpURLConnection.java:1068)
	at java.base/sun.net.www.protocol.https.AbstractDelegateHttpsURLConnection.connect(AbstractDelegateHttpsURLConnection.java:189)
	at java.base/sun.net.www.protocol.https.HttpsURLConnectionImpl.connect(HttpsURLConnectionImpl.java:168)
	at org.sonar.core.util.DefaultHttpDownloader$BaseHttpDownloader$HttpInputSupplier.getInput(DefaultHttpDownloader.java:272)
	at org.sonar.core.util.DefaultHttpDownloader.readString(DefaultHttpDownloader.java:111)
	... 158 common frames omitted
